<?xml version="1.0" encoding="UTF-8"?>
<!-- Generated by org.testng.reporters.JUnitXMLReporter -->
<testsuite ignored="2" hostname="LAPTOP-91SQEO24" failures="0" tests="2" name="Test1" time="5.159" errors="0" timestamp="2023-02-15T10:43:27 IST">
  <testcase classname="TestNG.TestNGClass" name="@BeforeClass launchBrowser" time="3.354">
    <failure type="org.openqa.selenium.SessionNotCreatedException" message="session not created: This version of ChromeDriver only supports Chrome version 108
Current browser version is 110.0.5481.96 with binary path C:\Program Files\Google\Chrome\Application\chrome.exe
Build info: version: &amp;apos;3.141.59&amp;apos;, revision: &amp;apos;e82be7d358&amp;apos;, time: &amp;apos;2018-11-14T08:17:03&amp;apos;
System info: host: &amp;apos;LAPTOP-91SQEO24&amp;apos;, ip: &amp;apos;192.168.29.232&amp;apos;, os.name: &amp;apos;Windows 11&amp;apos;, os.arch: &amp;apos;amd64&amp;apos;, os.version: &amp;apos;10.0&amp;apos;, java.version: &amp;apos;17.0.4.1&amp;apos;
Driver info: driver.version: ChromeDriver
remote stacktrace: Backtrace:
	(No symbol) [0x00D6F243]
	(No symbol) [0x00CF7FD1]
	(No symbol) [0x00BED04D]
	(No symbol) [0x00C0F6B4]
	(No symbol) [0x00C0A97C]
	(No symbol) [0x00C082E9]
	(No symbol) [0x00C3F056]
	(No symbol) [0x00C3EB2A]
	(No symbol) [0x00C38386]
	(No symbol) [0x00C1163C]
	(No symbol) [0x00C1269D]
	GetHandleVerifier [0x01009A22+2655074]
	GetHandleVerifier [0x00FFCA24+2601828]
	GetHandleVerifier [0x00E18C0A+619850]
	GetHandleVerifier [0x00E17830+614768]
	(No symbol) [0x00D005FC]
	(No symbol) [0x00D05968]
	(No symbol) [0x00D05A55]
	(No symbol) [0x00D1051B]
	BaseThreadInitThunk [0x76ED7D69+25]
	RtlInitializeExceptionChain [0x77A5BB9B+107]
	RtlClearBits [0x77A5BB1F+191]
">
      <![CDATA[org.openqa.selenium.SessionNotCreatedException: session not created: This version of ChromeDriver only supports Chrome version 108
Current browser version is 110.0.5481.96 with binary path C:\Program Files\Google\Chrome\Application\chrome.exe
Build info: version: '3.141.59', revision: 'e82be7d358', time: '2018-11-14T08:17:03'
System info: host: 'LAPTOP-91SQEO24', ip: '192.168.29.232', os.name: 'Windows 11', os.arch: 'amd64', os.version: '10.0', java.version: '17.0.4.1'
Driver info: driver.version: ChromeDriver
remote stacktrace: Backtrace:
(No symbol) [0x00D6F243]
(No symbol) [0x00CF7FD1]
(No symbol) [0x00BED04D]
(No symbol) [0x00C0F6B4]
(No symbol) [0x00C0A97C]
(No symbol) [0x00C082E9]
(No symbol) [0x00C3F056]
(No symbol) [0x00C3EB2A]
(No symbol) [0x00C38386]
(No symbol) [0x00C1163C]
(No symbol) [0x00C1269D]
GetHandleVerifier [0x01009A22+2655074]
GetHandleVerifier [0x00FFCA24+2601828]
GetHandleVerifier [0x00E18C0A+619850]
GetHandleVerifier [0x00E17830+614768]
(No symbol) [0x00D005FC]
(No symbol) [0x00D05968]
(No symbol) [0x00D05A55]
(No symbol) [0x00D1051B]
BaseThreadInitThunk [0x76ED7D69+25]
RtlInitializeExceptionChain [0x77A5BB9B+107]
RtlClearBits [0x77A5BB1F+191]

at org.openqa.selenium.remote.W3CHandshakeResponse.lambda$errorHandler$0(W3CHandshakeResponse.java:62)
at org.openqa.selenium.remote.HandshakeResponse.lambda$getResponseFunction$0(HandshakeResponse.java:30)
at org.openqa.selenium.remote.ProtocolHandshake.lambda$createSession$0(ProtocolHandshake.java:126)
at java.base/java.util.stream.ReferencePipeline$3$1.accept(ReferencePipeline.java:197)
at java.base/java.util.Spliterators$ArraySpliterator.tryAdvance(Spliterators.java:1002)
at java.base/java.util.stream.ReferencePipeline.forEachWithCancel(ReferencePipeline.java:129)
at java.base/java.util.stream.AbstractPipeline.copyIntoWithCancel(AbstractPipeline.java:527)
at java.base/java.util.stream.AbstractPipeline.copyInto(AbstractPipeline.java:513)
at java.base/java.util.stream.AbstractPipeline.wrapAndCopyInto(AbstractPipeline.java:499)
at java.base/java.util.stream.FindOps$FindOp.evaluateSequential(FindOps.java:150)
at java.base/java.util.stream.AbstractPipeline.evaluate(AbstractPipeline.java:234)
at java.base/java.util.stream.ReferencePipeline.findFirst(ReferencePipeline.java:647)
at org.openqa.selenium.remote.ProtocolHandshake.createSession(ProtocolHandshake.java:128)
at org.openqa.selenium.remote.ProtocolHandshake.createSession(ProtocolHandshake.java:74)
at org.openqa.selenium.remote.HttpCommandExecutor.execute(HttpCommandExecutor.java:136)
at org.openqa.selenium.remote.service.DriverCommandExecutor.execute(DriverCommandExecutor.java:83)
at org.openqa.selenium.remote.RemoteWebDriver.execute(RemoteWebDriver.java:552)
at org.openqa.selenium.remote.RemoteWebDriver.startSession(RemoteWebDriver.java:213)
at org.openqa.selenium.remote.RemoteWebDriver.<init>(RemoteWebDriver.java:131)
at org.openqa.selenium.chrome.ChromeDriver.<init>(ChromeDriver.java:181)
at org.openqa.selenium.chrome.ChromeDriver.<init>(ChromeDriver.java:168)
at org.openqa.selenium.chrome.ChromeDriver.<init>(ChromeDriver.java:123)
at TestNG.TestNGClass.launchBrowser(TestNGClass.java:24)
at java.base/java.util.ArrayList.forEach(ArrayList.java:1511)
... Removed 30 stack frames]]>
    </failure>
  </testcase> <!-- @BeforeClass launchBrowser -->
  <testcase classname="TestNG.TestNGClass" name="@BeforeMethod goToSingUpPage" time="-1.676438005902E9">
    <skipped/>
  </testcase> <!-- @BeforeMethod goToSingUpPage -->
  <testcase classname="TestNG.TestNGClass" name="@AfterMethod afterMethod" time="-1.676438005923E9">
    <skipped/>
  </testcase> <!-- @AfterMethod afterMethod -->
  <testcase classname="TestNG.TestNGClass" name="@AfterClass afterClass" time="-1.676438005927E9">
    <skipped/>
  </testcase> <!-- @AfterClass afterClass -->
  <testcase classname="TestNG.TestNGClassInstagram" name="@BeforeClass lounchBrowser" time="1.67">
    <failure type="org.openqa.selenium.SessionNotCreatedException" message="session not created: This version of ChromeDriver only supports Chrome version 108
Current browser version is 110.0.5481.96 with binary path C:\Program Files\Google\Chrome\Application\chrome.exe
Build info: version: &amp;apos;3.141.59&amp;apos;, revision: &amp;apos;e82be7d358&amp;apos;, time: &amp;apos;2018-11-14T08:17:03&amp;apos;
System info: host: &amp;apos;LAPTOP-91SQEO24&amp;apos;, ip: &amp;apos;192.168.29.232&amp;apos;, os.name: &amp;apos;Windows 11&amp;apos;, os.arch: &amp;apos;amd64&amp;apos;, os.version: &amp;apos;10.0&amp;apos;, java.version: &amp;apos;17.0.4.1&amp;apos;
Driver info: driver.version: ChromeDriver
remote stacktrace: Backtrace:
	(No symbol) [0x00D6F243]
	(No symbol) [0x00CF7FD1]
	(No symbol) [0x00BED04D]
	(No symbol) [0x00C0F6B4]
	(No symbol) [0x00C0A97C]
	(No symbol) [0x00C082E9]
	(No symbol) [0x00C3F056]
	(No symbol) [0x00C3EB2A]
	(No symbol) [0x00C38386]
	(No symbol) [0x00C1163C]
	(No symbol) [0x00C1269D]
	GetHandleVerifier [0x01009A22+2655074]
	GetHandleVerifier [0x00FFCA24+2601828]
	GetHandleVerifier [0x00E18C0A+619850]
	GetHandleVerifier [0x00E17830+614768]
	(No symbol) [0x00D005FC]
	(No symbol) [0x00D05968]
	(No symbol) [0x00D05A55]
	(No symbol) [0x00D1051B]
	BaseThreadInitThunk [0x76ED7D69+25]
	RtlInitializeExceptionChain [0x77A5BB9B+107]
	RtlClearBits [0x77A5BB1F+191]
">
      <![CDATA[org.openqa.selenium.SessionNotCreatedException: session not created: This version of ChromeDriver only supports Chrome version 108
Current browser version is 110.0.5481.96 with binary path C:\Program Files\Google\Chrome\Application\chrome.exe
Build info: version: '3.141.59', revision: 'e82be7d358', time: '2018-11-14T08:17:03'
System info: host: 'LAPTOP-91SQEO24', ip: '192.168.29.232', os.name: 'Windows 11', os.arch: 'amd64', os.version: '10.0', java.version: '17.0.4.1'
Driver info: driver.version: ChromeDriver
remote stacktrace: Backtrace:
(No symbol) [0x00D6F243]
(No symbol) [0x00CF7FD1]
(No symbol) [0x00BED04D]
(No symbol) [0x00C0F6B4]
(No symbol) [0x00C0A97C]
(No symbol) [0x00C082E9]
(No symbol) [0x00C3F056]
(No symbol) [0x00C3EB2A]
(No symbol) [0x00C38386]
(No symbol) [0x00C1163C]
(No symbol) [0x00C1269D]
GetHandleVerifier [0x01009A22+2655074]
GetHandleVerifier [0x00FFCA24+2601828]
GetHandleVerifier [0x00E18C0A+619850]
GetHandleVerifier [0x00E17830+614768]
(No symbol) [0x00D005FC]
(No symbol) [0x00D05968]
(No symbol) [0x00D05A55]
(No symbol) [0x00D1051B]
BaseThreadInitThunk [0x76ED7D69+25]
RtlInitializeExceptionChain [0x77A5BB9B+107]
RtlClearBits [0x77A5BB1F+191]

at org.openqa.selenium.remote.W3CHandshakeResponse.lambda$errorHandler$0(W3CHandshakeResponse.java:62)
at org.openqa.selenium.remote.HandshakeResponse.lambda$getResponseFunction$0(HandshakeResponse.java:30)
at org.openqa.selenium.remote.ProtocolHandshake.lambda$createSession$0(ProtocolHandshake.java:126)
at java.base/java.util.stream.ReferencePipeline$3$1.accept(ReferencePipeline.java:197)
at java.base/java.util.Spliterators$ArraySpliterator.tryAdvance(Spliterators.java:1002)
at java.base/java.util.stream.ReferencePipeline.forEachWithCancel(ReferencePipeline.java:129)
at java.base/java.util.stream.AbstractPipeline.copyIntoWithCancel(AbstractPipeline.java:527)
at java.base/java.util.stream.AbstractPipeline.copyInto(AbstractPipeline.java:513)
at java.base/java.util.stream.AbstractPipeline.wrapAndCopyInto(AbstractPipeline.java:499)
at java.base/java.util.stream.FindOps$FindOp.evaluateSequential(FindOps.java:150)
at java.base/java.util.stream.AbstractPipeline.evaluate(AbstractPipeline.java:234)
at java.base/java.util.stream.ReferencePipeline.findFirst(ReferencePipeline.java:647)
at org.openqa.selenium.remote.ProtocolHandshake.createSession(ProtocolHandshake.java:128)
at org.openqa.selenium.remote.ProtocolHandshake.createSession(ProtocolHandshake.java:74)
at org.openqa.selenium.remote.HttpCommandExecutor.execute(HttpCommandExecutor.java:136)
at org.openqa.selenium.remote.service.DriverCommandExecutor.execute(DriverCommandExecutor.java:83)
at org.openqa.selenium.remote.RemoteWebDriver.execute(RemoteWebDriver.java:552)
at org.openqa.selenium.remote.RemoteWebDriver.startSession(RemoteWebDriver.java:213)
at org.openqa.selenium.remote.RemoteWebDriver.<init>(RemoteWebDriver.java:131)
at org.openqa.selenium.chrome.ChromeDriver.<init>(ChromeDriver.java:181)
at org.openqa.selenium.chrome.ChromeDriver.<init>(ChromeDriver.java:168)
at org.openqa.selenium.chrome.ChromeDriver.<init>(ChromeDriver.java:123)
at TestNG.TestNGClassInstagram.lounchBrowser(TestNGClassInstagram.java:40)
at java.base/java.util.ArrayList.forEach(ArrayList.java:1511)
... Removed 30 stack frames]]>
    </failure>
  </testcase> <!-- @BeforeClass lounchBrowser -->
  <testcase classname="TestNG.TestNGClassInstagram" name="@BeforeMethod goToSingUpForm" time="-1.676438007606E9">
    <skipped/>
  </testcase> <!-- @BeforeMethod goToSingUpForm -->
  <testcase classname="TestNG.TestNGClassInstagram" name="@AfterMethod afterMethod" time="-1.676438007611E9">
    <skipped/>
  </testcase> <!-- @AfterMethod afterMethod -->
  <testcase classname="TestNG.TestNGClassInstagram" name="@AfterClass afterClass" time="-1.676438007613E9">
    <skipped/>
  </testcase> <!-- @AfterClass afterClass -->
  <testcase classname="TestNG.TestNGClass" name="@AfterTest testD" time="-1.676438007614E9">
    <skipped/>
  </testcase> <!-- @AfterTest testD -->
  <testcase classname="TestNG.TestNGClassInstagram" name="@AfterTest test4" time="-1.676438007616E9">
    <skipped/>
  </testcase> <!-- @AfterTest test4 -->
  <testcase classname="TestNG.TestNGClass" name="verifyCookiesPolicies" time="0.0">
    <skipped/>
  </testcase> <!-- verifyCookiesPolicies -->
  <testcase classname="TestNG.TestNGClassInstagram" name="verifyEmailOrPssword" time="0.0">
    <skipped/>
  </testcase> <!-- verifyEmailOrPssword -->
  <testcase classname="TestNG.TestNGClass" name="verifyTesrmLink" time="0.0">
    <ignored/>
  </testcase> <!-- verifyTesrmLink -->
  <testcase classname="TestNG.TestNGClass" name="verifyPrivacyPolicies" time="0.0">
    <ignored/>
  </testcase> <!-- verifyPrivacyPolicies -->
</testsuite> <!-- Test1 -->
